<?xml version="1.0" encoding="UTF-8"?>
<!-- Generated by org.testng.reporters.JUnitReportReporter -->
<testsuite hostname="DESKTOP-A3NQSG0" failures="0" tests="7" name="tests.FlipkartAutomationTest" time="45.993" errors="0" timestamp="2026-05-29T21:04:29 IST" skipped="0">
  <testcase classname="tests.FlipkartAutomationTest" name="verifyTitle" time="0.053"/>
  <testcase classname="tests.FlipkartAutomationTest" name="searchProduct" time="29.208"/>
  <testcase classname="tests.FlipkartAutomationTest" name="printProducts" time="0.136"/>
  <testcase classname="tests.FlipkartAutomationTest" name="mouseHoverElectronics" time="5.367"/>
  <testcase classname="tests.FlipkartAutomationTest" name="clickFirstProduct" time="10.497"/>
  <testcase classname="tests.FlipkartAutomationTest" name="verifyProductDetails" time="0.111"/>
  <testcase classname="tests.FlipkartAutomationTest" name="takeScreenshot" time="0.621"/>
</testsuite> <!-- tests.FlipkartAutomationTest -->
