<?xml version="1.0" encoding="UTF-8"?>
<!-- Generated by org.testng.reporters.JUnitXMLReporter -->
<testsuite ignored="0" hostname="DESKTOP-A3NQSG0" failures="0" tests="4" name="OpenCartTest" time="113.891" errors="0" timestamp="2026-05-21T13:52:45 IST">
  <testcase classname="com.OpenCartAutomation.SearchProduct" name="searchProduct" time="11.29"/>
  <testcase classname="com.OpenCartAutomation.AddToCart" name="addToCart" time="9.273"/>
  <testcase classname="com.OpenCartAutomation.CompareProducts" name="compareProducts" time="14.532"/>
  <testcase classname="com.OpenCartAutomation.Checkout" name="checkoutProcessTest" time="14.439"/>
</testsuite> <!-- OpenCartTest -->
