<?xml version="1.0" encoding="UTF-8"?>
<testng-results ignored="0" total="4" passed="4" failed="0" skipped="0">
  <reporter-output>
  </reporter-output>
  <suite started-at="2026-05-21T13:50:51 IST" name="OpenCartSuite" finished-at="2026-05-21T13:52:44 IST" duration-ms="113891">
    <groups>
    </groups>
    <test started-at="2026-05-21T13:50:51 IST" name="OpenCartTest" finished-at="2026-05-21T13:52:44 IST" duration-ms="113891">
      <class name="com.OpenCartAutomation.Checkout">
        <test-method is-config="true" signature="setup()[pri:0, instance:com.OpenCartAutomation.Checkout@38d8f54a]" started-at="2026-05-21T13:52:22 IST" name="setup" finished-at="2026-05-21T13:52:24 IST" duration-ms="1493" status="PASS">
          <reporter-output>
          </reporter-output>
        </test-method> <!-- setup -->
        <test-method is-config="true" signature="openApplication()[pri:0, instance:com.OpenCartAutomation.Checkout@38d8f54a]" started-at="2026-05-21T13:52:24 IST" name="openApplication" finished-at="2026-05-21T13:52:30 IST" duration-ms="5966" status="PASS">
          <reporter-output>
          </reporter-output>
        </test-method> <!-- openApplication -->
        <test-method signature="checkoutProcessTest()[pri:4, instance:com.OpenCartAutomation.Checkout@38d8f54a]" started-at="2026-05-21T13:52:30 IST" name="checkoutProcessTest" finished-at="2026-05-21T13:52:44 IST" duration-ms="14439" status="PASS">
          <reporter-output>
          </reporter-output>
        </test-method> <!-- checkoutProcessTest -->
        <test-method is-config="true" signature="tearDown()[pri:0, instance:com.OpenCartAutomation.Checkout@38d8f54a]" started-at="2026-05-21T13:52:44 IST" name="tearDown" finished-at="2026-05-21T13:52:44 IST" duration-ms="368" status="PASS">
          <reporter-output>
          </reporter-output>
        </test-method> <!-- tearDown -->
      </class> <!-- com.OpenCartAutomation.Checkout -->
      <class name="com.OpenCartAutomation.AddToCart">
        <test-method is-config="true" signature="setup()[pri:0, instance:com.OpenCartAutomation.AddToCart@3349e9bb]" started-at="2026-05-21T13:51:45 IST" name="setup" finished-at="2026-05-21T13:51:46 IST" duration-ms="1580" status="PASS">
          <reporter-output>
          </reporter-output>
        </test-method> <!-- setup -->
        <test-method is-config="true" signature="openApplication()[pri:0, instance:com.OpenCartAutomation.AddToCart@3349e9bb]" started-at="2026-05-21T13:51:46 IST" name="openApplication" finished-at="2026-05-21T13:51:51 IST" duration-ms="4842" status="PASS">
          <reporter-output>
          </reporter-output>
        </test-method> <!-- openApplication -->
        <test-method signature="addToCart()[pri:2, instance:com.OpenCartAutomation.AddToCart@3349e9bb]" started-at="2026-05-21T13:51:51 IST" name="addToCart" finished-at="2026-05-21T13:52:00 IST" duration-ms="9273" status="PASS">
          <reporter-output>
          </reporter-output>
        </test-method> <!-- addToCart -->
        <test-method is-config="true" signature="tearDown()[pri:0, instance:com.OpenCartAutomation.AddToCart@3349e9bb]" started-at="2026-05-21T13:52:00 IST" name="tearDown" finished-at="2026-05-21T13:52:01 IST" duration-ms="405" status="PASS">
          <reporter-output>
          </reporter-output>
        </test-method> <!-- tearDown -->
      </class> <!-- com.OpenCartAutomation.AddToCart -->
      <class name="com.OpenCartAutomation.CompareProducts">
        <test-method is-config="true" signature="setup()[pri:0, instance:com.OpenCartAutomation.CompareProducts@409bf450]" started-at="2026-05-21T13:52:01 IST" name="setup" finished-at="2026-05-21T13:52:02 IST" duration-ms="1454" status="PASS">
          <reporter-output>
          </reporter-output>
        </test-method> <!-- setup -->
        <test-method is-config="true" signature="openApplication()[pri:0, instance:com.OpenCartAutomation.CompareProducts@409bf450]" started-at="2026-05-21T13:52:02 IST" name="openApplication" finished-at="2026-05-21T13:52:07 IST" duration-ms="4985" status="PASS">
          <reporter-output>
          </reporter-output>
        </test-method> <!-- openApplication -->
        <test-method signature="compareProducts()[pri:3, instance:com.OpenCartAutomation.CompareProducts@409bf450]" started-at="2026-05-21T13:52:07 IST" name="compareProducts" finished-at="2026-05-21T13:52:22 IST" duration-ms="14532" status="PASS">
          <reporter-output>
          </reporter-output>
        </test-method> <!-- compareProducts -->
        <test-method is-config="true" signature="tearDown()[pri:0, instance:com.OpenCartAutomation.CompareProducts@409bf450]" started-at="2026-05-21T13:52:22 IST" name="tearDown" finished-at="2026-05-21T13:52:22 IST" duration-ms="386" status="PASS">
          <reporter-output>
          </reporter-output>
        </test-method> <!-- tearDown -->
      </class> <!-- com.OpenCartAutomation.CompareProducts -->
      <class name="com.OpenCartAutomation.SearchProduct">
        <test-method is-config="true" signature="setup()[pri:0, instance:com.OpenCartAutomation.SearchProduct@7d8995e]" started-at="2026-05-21T13:50:51 IST" name="setup" finished-at="2026-05-21T13:51:28 IST" duration-ms="37393" status="PASS">
          <reporter-output>
          </reporter-output>
        </test-method> <!-- setup -->
        <test-method is-config="true" signature="openApplication()[pri:0, instance:com.OpenCartAutomation.SearchProduct@7d8995e]" started-at="2026-05-21T13:51:28 IST" name="openApplication" finished-at="2026-05-21T13:51:33 IST" duration-ms="4944" status="PASS">
          <reporter-output>
          </reporter-output>
        </test-method> <!-- openApplication -->
        <test-method signature="searchProduct()[pri:1, instance:com.OpenCartAutomation.SearchProduct@7d8995e]" started-at="2026-05-21T13:51:33 IST" name="searchProduct" finished-at="2026-05-21T13:51:44 IST" duration-ms="11290" status="PASS">
          <reporter-output>
          </reporter-output>
        </test-method> <!-- searchProduct -->
        <test-method is-config="true" signature="tearDown()[pri:0, instance:com.OpenCartAutomation.SearchProduct@7d8995e]" started-at="2026-05-21T13:51:44 IST" name="tearDown" finished-at="2026-05-21T13:51:45 IST" duration-ms="355" status="PASS">
          <reporter-output>
          </reporter-output>
        </test-method> <!-- tearDown -->
      </class> <!-- com.OpenCartAutomation.SearchProduct -->
    </test> <!-- OpenCartTest -->
  </suite> <!-- OpenCartSuite -->
</testng-results>
